<?xml version="1.0" encoding="UTF-8"?>
<!-- Generated by org.testng.reporters.JUnitReportReporter -->
<testsuite skipped="0" hostname="DESKTOP-EPD9G6H" name="com.pages.Login_Page" tests="1" failures="0" timestamp="09 Dec 2021 10:31:52 GMT" time="78.124" errors="0">
  <testcase name="setup" time="78.124" classname="com.pages.Login_Page"/>
</testsuite> <!-- com.pages.Login_Page -->
