<?xml version="1.0" encoding="UTF-8"?>
<!-- Generated by org.testng.reporters.JUnitReportReporter -->
<testsuite skipped="0" hostname="DESKTOP-EPD9G6H" name="com.test.Test1" tests="1" failures="0" timestamp="11 Dec 2021 14:43:52 GMT" time="6.512" errors="0">
  <testcase name="verifyclick" time="6.512" classname="com.test.Test1"/>
</testsuite> <!-- com.test.Test1 -->
